-- The C compiler identification is GNU 13.3.0
-- The CXX compiler identification is GNU 13.3.0
-- Detecting C compiler ABI info
-- Detecting C compiler ABI info - done
-- Check for working C compiler: /usr/bin/cc - skipped
-- Detecting C compile features
-- Detecting C compile features - done
-- Detecting CXX compiler ABI info
-- Detecting CXX compiler ABI info - done
-- Check for working CXX compiler: /usr/bin/c++ - skipped
-- Detecting CXX compile features
-- Detecting CXX compile features - done
-- No KRATOS_SOURCE_DIR is defined, using: /app
-- No KRATOS_BINARY_DIR is defined, using: /app/build/Release
-- No KRATOS_INSTALL_PYTHON_USING_LINKS is defined, setting to OFF
-- No CMAKE_INSTALL_MESSAGE is defined. Setting to NEVER
-- Found Git: /usr/bin/git (found version "2.49.0")
-- Additional default options were set for GCC
-- CMAKE_SYSTEM_NAME = Linux
-- CMAKE_CXX_COMPILER_ID = GNU
-- CMAKE_CXX_FLAGS =  -funroll-loops -Wall -Wl,--no-as-needed -ldl -Wsuggest-override
-- CMAKE_C_FLAGS =  -funroll-loops -Wall -Wl,--no-as-needed -ldl
-- Found Python: /usr/local/bin/python (found version "3.10.17") found components: Interpreter
-- Performing Test CMAKE_HAVE_LIBC_PTHREAD
-- Performing Test CMAKE_HAVE_LIBC_PTHREAD - Success
-- Found Threads: TRUE
-- Found PythonInterp: /usr/bin/python3 (found suitable version "3.10.17", minimum required is "3.6")
-- Found PythonLibs: python3.10
-- LTO is Disabled
-- AR VERSION: /usr/bin/ar
-- Python version used for the interface will be 3.10
-- Standard install dir /app/bin/Release
-- "KRATOS_SHARED_MEMORY_PARALLELIZATION" not defined, defaulting to "OpenMP"
-- TBB parallelism explicitly requested via KRATOS_SMP_TBB.
-- Checking for one of the modules 'hwloc'
-- Looking for getcontext
-- Looking for getcontext - found
-- IPO enabled
-- GNU Assembler version: 2.42  (2042)
-- The tbbbind_2_5 target will be configured using the HWLOC 2.10.0
-- oneTBB successfully fetched and configured by FetchContent.
-- Using TBB for shared memory parallelization.
-- KRATOS_SMP_TBB is ON, OpenMP will be disabled for Kratos parallel constructs.
-- Found Boost: /usr/lib/x86_64-linux-gnu/cmake/Boost-1.83.0/BoostConfig.cmake (found version "1.83.0")
-- Boost include directory found with find_package
-- Boost library deduced from root directory
-- Boost include directory: /usr/include
-- Boost library directory: /lib
-- Found ZLIB: /usr/lib/x86_64-linux-gnu/libz.so (found version "1.3")

-- CMAKE_BUILD_TYPE ........ Release

WARNING: YOUR GIDPOST IS BEING COMPILED  WITHOUT DEBUG (ALL ASSERTS WILL BE AVOIDED)
-- Configuring applications (ENV):

***********************************************************************

        LIST OF APPLICATIONS THAT ARE GOING TO BE COMPILED:


        APPLICATIONS ADDED TO COMPILATION THROUGH DEPENDENCIES:


***********************************************************************


List of upcoming API-breaking and behavior changes:
	 Geometry 'Dimension' removed: https://github.com/KratosMultiphysics/Kratos/pull/10977
	 Geometry old projection methods deprecation: https://github.com/KratosMultiphysics/Kratos/pull/9024
	 Geometry old closest point methods deprecation: https://github.com/KratosMultiphysics/Kratos/pull/9243
	 Model 'CreateModelPart' behavior change (no error thrown if model part exists): https://github.com/KratosMultiphysics/Kratos/pull/9598
	 Make GetIntegrationMethod method of Condition const: https://github.com/KratosMultiphysics/Kratos/pull/9769
	 Behavior change of ModelPart.GetProperties (MeshIndex removed): https://github.com/KratosMultiphysics/Kratos/pull/9774
	 Behavior change of Testing. Please ensure you use KRATOS_EXPECT for testing instead of KRATOS_CHECK
-- clipper : /app/external_libraries/clipper
-- tinyexpr : /app/external_libraries/tinyexpr/tinyexpr/
-- Configuring done (2.8s)
-- Generating done (0.2s)
CMake Warning:
  Manually-specified variables were not used by the project:

    KRATOS_APPLICATIONS
    USE_EIGEN_MKL


-- Build files have been written to: /app/build/Release
[  0%] Building CXX object _deps/googletest-build/googletest/CMakeFiles/gtest.dir/src/gtest-all.cc.o
[  0%] Building CXX object _deps/onetbb-build/src/tbb/CMakeFiles/tbb.dir/address_waiter.cpp.o
[  0%] Building CXX object _deps/onetbb-build/src/tbb/CMakeFiles/tbb.dir/allocator.cpp.o
[  0%] Building CXX object _deps/onetbb-build/src/tbb/CMakeFiles/tbb.dir/arena.cpp.o
[  1%] Building CXX object _deps/onetbb-build/src/tbb/CMakeFiles/tbb.dir/arena_slot.cpp.o
[  1%] Building CXX object _deps/onetbb-build/src/tbb/CMakeFiles/tbb.dir/concurrent_bounded_queue.cpp.o
[  1%] Building CXX object _deps/onetbb-build/src/tbb/CMakeFiles/tbb.dir/dynamic_link.cpp.o
[  1%] Building CXX object _deps/onetbb-build/src/tbb/CMakeFiles/tbb.dir/exception.cpp.o
[  1%] Building CXX object _deps/onetbb-build/src/tbb/CMakeFiles/tbb.dir/governor.cpp.o
[  2%] Linking CXX shared library ../../../lib/libgtest.so
[  2%] Built target gtest
[  2%] Building CXX object _deps/onetbb-build/src/tbbmalloc/CMakeFiles/tbbmalloc.dir/backend.cpp.o
[  2%] Building CXX object _deps/onetbb-build/src/tbb/CMakeFiles/tbb.dir/global_control.cpp.o
[  2%] Building CXX object _deps/onetbb-build/src/tbbmalloc/CMakeFiles/tbbmalloc.dir/backref.cpp.o
[  3%] Building CXX object _deps/onetbb-build/src/tbb/CMakeFiles/tbb.dir/itt_notify.cpp.o
[  3%] Building CXX object _deps/onetbb-build/src/tbbmalloc/CMakeFiles/tbbmalloc.dir/frontend.cpp.o
[  3%] Building CXX object _deps/onetbb-build/src/tbb/CMakeFiles/tbb.dir/main.cpp.o
[  3%] Building CXX object _deps/onetbb-build/src/tbbmalloc/CMakeFiles/tbbmalloc.dir/large_objects.cpp.o
[  3%] Building CXX object _deps/onetbb-build/src/tbb/CMakeFiles/tbb.dir/market.cpp.o
[  3%] Building CXX object _deps/onetbb-build/src/tbbmalloc/CMakeFiles/tbbmalloc.dir/tbbmalloc.cpp.o
[  3%] Building CXX object _deps/onetbb-build/src/tbb/CMakeFiles/tbb.dir/tcm_adaptor.cpp.o
[  4%] Building CXX object _deps/onetbb-build/src/tbbmalloc/CMakeFiles/tbbmalloc.dir/__/tbb/itt_notify.cpp.o
[  4%] Linking C shared library ../../../../gnu_13.3_cxx17_64_release/libtbbmalloc.so
[  4%] Building CXX object _deps/onetbb-build/src/tbb/CMakeFiles/tbb.dir/misc.cpp.o
[  4%] Building CXX object _deps/onetbb-build/src/tbb/CMakeFiles/tbb.dir/misc_ex.cpp.o
[  4%] Built target tbbmalloc
[  4%] Building CXX object _deps/onetbb-build/src/tbbbind/CMakeFiles/tbbbind_2_5.dir/tbb_bind.cpp.o
[  5%] Building CXX object _deps/onetbb-build/src/tbb/CMakeFiles/tbb.dir/observer_proxy.cpp.o
[  6%] Linking CXX shared library ../../../../gnu_13.3_cxx17_64_release/libtbbbind_2_5.so
[  6%] Built target tbbbind_2_5
[  6%] Building C object external_libraries/gidpost/CMakeFiles/gidpost.dir/source/gidpost.c.o
[  6%] Building C object external_libraries/gidpost/CMakeFiles/gidpost.dir/source/gidpostInt.c.o
[  6%] Building CXX object _deps/onetbb-build/src/tbb/CMakeFiles/tbb.dir/parallel_pipeline.cpp.o
[  6%] Building C object external_libraries/gidpost/CMakeFiles/gidpost.dir/source/gidpostHash.c.o
[  6%] Building C object external_libraries/gidpost/CMakeFiles/gidpost.dir/source/hashtab.c.o
[  6%] Building C object external_libraries/gidpost/CMakeFiles/gidpost.dir/source/recycle.c.o
[  6%] Building C object external_libraries/gidpost/CMakeFiles/gidpost.dir/source/lookupa.c.o
[  7%] Linking C static library libgidpost.a
[  7%] Built target gidpost
[  7%] Building C object external_libraries/tinyexpr/CMakeFiles/tinyexpr.dir/tinyexpr/tinyexpr.c.o
/app/external_libraries/tinyexpr/tinyexpr/tinyexpr.c: In function ‘base’:
/app/external_libraries/tinyexpr/tinyexpr/tinyexpr.c:325:16: warning: array subscript ‘te_expr[0]’ is partly outside array bounds of ‘unsigned char[16]’ [-Warray-bounds=]
  325 |             ret->bound = s->bound;
      |                ^~
In function ‘new_expr’,
    inlined from ‘base’ at /app/external_libraries/tinyexpr/tinyexpr/tinyexpr.c:324:19:
/app/external_libraries/tinyexpr/tinyexpr/tinyexpr.c:89:20: note: object of size 16 allocated by ‘malloc’
   89 |     te_expr *ret = malloc(size);
      |                    ^~~~~~~~~~~~
In function ‘new_expr’,
    inlined from ‘base’ at /app/external_libraries/tinyexpr/tinyexpr/tinyexpr.c:318:19:
/app/external_libraries/tinyexpr/tinyexpr/tinyexpr.c:94:15: warning: array subscript ‘te_expr[0]’ is partly outside array bounds of ‘unsigned char[16]’ [-Warray-bounds=]
   94 |     ret->type = type;
      |     ~~~~~~~~~~^~~~~~
/app/external_libraries/tinyexpr/tinyexpr/tinyexpr.c:89:20: note: object of size 16 allocated by ‘malloc’
   89 |     te_expr *ret = malloc(size);
      |                    ^~~~~~~~~~~~
/app/external_libraries/tinyexpr/tinyexpr/tinyexpr.c: In function ‘base’:
/app/external_libraries/tinyexpr/tinyexpr/tinyexpr.c:319:16: warning: array subscript ‘te_expr[0]’ is partly outside array bounds of ‘unsigned char[16]’ [-Warray-bounds=]
  319 |             ret->value = s->value;
      |                ^~
In function ‘new_expr’,
    inlined from ‘base’ at /app/external_libraries/tinyexpr/tinyexpr/tinyexpr.c:318:19:
/app/external_libraries/tinyexpr/tinyexpr/tinyexpr.c:89:20: note: object of size 16 allocated by ‘malloc’
   89 |     te_expr *ret = malloc(size);
      |                    ^~~~~~~~~~~~
/app/external_libraries/tinyexpr/tinyexpr/tinyexpr.c: In function ‘base’:
/app/external_libraries/tinyexpr/tinyexpr/tinyexpr.c:398:16: warning: array subscript ‘te_expr[0]’ is partly outside array bounds of ‘unsigned char[16]’ [-Warray-bounds=]
  398 |             ret->value = NAN;
      |                ^~
In function ‘new_expr’,
    inlined from ‘base’ at /app/external_libraries/tinyexpr/tinyexpr/tinyexpr.c:396:19:
/app/external_libraries/tinyexpr/tinyexpr/tinyexpr.c:89:20: note: object of size 16 allocated by ‘malloc’
   89 |     te_expr *ret = malloc(size);
      |                    ^~~~~~~~~~~~
[  8%] Linking C static library libtinyexpr.a
[  8%] Built target tinyexpr
[  8%] Building CXX object kratos/CMakeFiles/KratosVersion.dir/sources/kratos_version.cpp.o
[  8%] Building CXX object _deps/onetbb-build/src/tbb/CMakeFiles/tbb.dir/private_server.cpp.o
[  8%] Built target KratosVersion
[  8%] Building CXX object external_libraries/clipper/CMakeFiles/clipper.dir/src/clipper.engine.cpp.o
[  8%] Building CXX object _deps/onetbb-build/src/tbb/CMakeFiles/tbb.dir/profiling.cpp.o
[  8%] Building CXX object _deps/onetbb-build/src/tbb/CMakeFiles/tbb.dir/rml_tbb.cpp.o
[  8%] Building CXX object _deps/onetbb-build/src/tbb/CMakeFiles/tbb.dir/rtm_mutex.cpp.o
[  8%] Building CXX object _deps/onetbb-build/src/tbb/CMakeFiles/tbb.dir/rtm_rw_mutex.cpp.o
[  8%] Building CXX object external_libraries/clipper/CMakeFiles/clipper.dir/src/clipper.offset.cpp.o
[  9%] Building CXX object _deps/onetbb-build/src/tbb/CMakeFiles/tbb.dir/semaphore.cpp.o
[  9%] Building CXX object _deps/onetbb-build/src/tbb/CMakeFiles/tbb.dir/small_object_pool.cpp.o
[  9%] Building CXX object external_libraries/clipper/CMakeFiles/clipper.dir/src/clipper.rectclip.cpp.o
[  9%] Building CXX object _deps/onetbb-build/src/tbb/CMakeFiles/tbb.dir/task.cpp.o
[ 10%] Linking CXX static library libclipper.a
[ 10%] Built target clipper
[ 10%] Building CXX object _deps/googletest-build/googlemock/CMakeFiles/gmock.dir/src/gmock-all.cc.o
[ 10%] Building CXX object _deps/onetbb-build/src/tbb/CMakeFiles/tbb.dir/task_dispatcher.cpp.o
[ 10%] Building CXX object _deps/onetbb-build/src/tbb/CMakeFiles/tbb.dir/task_group_context.cpp.o
[ 10%] Building CXX object _deps/onetbb-build/src/tbb/CMakeFiles/tbb.dir/thread_dispatcher.cpp.o
[ 10%] Linking CXX shared library ../../../lib/libgmock.so
[ 10%] Built target gmock
[ 10%] Building CXX object _deps/googletest-build/googletest/CMakeFiles/gtest_main.dir/src/gtest_main.cc.o
[ 10%] Linking CXX shared library ../../../lib/libgtest_main.so
[ 10%] Built target gtest_main
[ 11%] Building CXX object _deps/onetbb-build/src/tbb/CMakeFiles/tbb.dir/thread_request_serializer.cpp.o
[ 11%] Building CXX object _deps/onetbb-build/src/tbbmalloc_proxy/CMakeFiles/tbbmalloc_proxy.dir/function_replacement.cpp.o
[ 11%] Building CXX object _deps/onetbb-build/src/tbbmalloc_proxy/CMakeFiles/tbbmalloc_proxy.dir/proxy.cpp.o
[ 11%] Building CXX object _deps/onetbb-build/src/tbb/CMakeFiles/tbb.dir/threading_control.cpp.o
[ 11%] Linking CXX shared library ../../../../gnu_13.3_cxx17_64_release/libtbbmalloc_proxy.so
[ 11%] Built target tbbmalloc_proxy
[ 11%] Building CXX object _deps/onetbb-build/src/tbb/CMakeFiles/tbb.dir/version.cpp.o
[ 11%] Building CXX object _deps/onetbb-build/src/tbb/CMakeFiles/tbb.dir/queuing_rw_mutex.cpp.o
[ 11%] Building CXX object _deps/googletest-build/googlemock/CMakeFiles/gmock_main.dir/src/gmock_main.cc.o
[ 11%] Linking CXX shared library ../../../../gnu_13.3_cxx17_64_release/libtbb.so
[ 11%] Linking CXX shared library ../../../lib/libgmock_main.so
[ 11%] Built target gmock_main
[ 11%] Built target tbb
[ 11%] Building CXX object kratos/CMakeFiles/KratosCore.dir/sources/accessor.cpp.o
[ 12%] Building CXX object kratos/CMakeFiles/KratosCore.dir/sources/cfd_variables.cpp.o
[ 12%] Building CXX object kratos/CMakeFiles/KratosCore.dir/sources/code_location.cpp.o
[ 12%] Building CXX object kratos/CMakeFiles/KratosCore.dir/sources/communicator.cpp.o
[ 12%] Building CXX object kratos/CMakeFiles/KratosCore.dir/sources/constitutive_law.cpp.o
[ 12%] Building CXX object kratos/CMakeFiles/KratosCore.dir/sources/convection_diffusion_settings.cpp.o
[ 12%] Building CXX object kratos/CMakeFiles/KratosCore.dir/sources/data_communicator.cpp.o
[ 13%] Building CXX object kratos/CMakeFiles/KratosCore.dir/sources/dem_variables.cpp.o
[ 13%] Building CXX object kratos/CMakeFiles/KratosCore.dir/sources/deprecated_variables.cpp.o
[ 13%] Building CXX object kratos/CMakeFiles/KratosCore.dir/sources/exception.cpp.o
[ 13%] Building CXX object kratos/CMakeFiles/KratosCore.dir/sources/file_serializer.cpp.o
[ 13%] Building CXX object kratos/CMakeFiles/KratosCore.dir/sources/fsi_variables.cpp.o
[ 13%] Building CXX object kratos/CMakeFiles/KratosCore.dir/sources/geometrical_object.cpp.o
[ 14%] Building CXX object kratos/CMakeFiles/KratosCore.dir/sources/gid_io.cpp.o
[ 14%] Building CXX object kratos/CMakeFiles/KratosCore.dir/sources/global_pointer_variables.cpp.o
[ 14%] Building CXX object kratos/CMakeFiles/KratosCore.dir/sources/global_variables.cpp.o
[ 14%] Building CXX object kratos/CMakeFiles/KratosCore.dir/sources/initial_state.cpp.o
[ 14%] Building CXX object kratos/CMakeFiles/KratosCore.dir/sources/io.cpp.o
[ 14%] Building CXX object kratos/CMakeFiles/KratosCore.dir/sources/kernel.cpp.o
[ 15%] Building CXX object kratos/CMakeFiles/KratosCore.dir/sources/key_hash.cpp.o
[ 15%] Building CXX object kratos/CMakeFiles/KratosCore.dir/sources/kratos_application.cpp.o
In file included from /app/kratos/factories/linear_solver_factory.h:26,
                 from /app/kratos/factories/standard_linear_solver_factory.h:23,
                 from /app/kratos/sources/kratos_application.cpp:31:
/app/kratos/spaces/ublas_space.h:286: warning: ignoring ‘#pragma omp parallel’ [-Wunknown-pragmas]
  286 |         #pragma omp parallel for reduction(+:aux_sum)
      |
/app/kratos/spaces/ublas_space.h:301: warning: ignoring ‘#pragma omp parallel’ [-Wunknown-pragmas]
  301 |         #pragma omp parallel for reduction(+:aux_sum)
      |
/app/kratos/spaces/ublas_space.h:316: warning: ignoring ‘#pragma omp parallel’ [-Wunknown-pragmas]
  316 |         #pragma omp parallel for reduction(+:aux_sum)
      |
In file included from /app/kratos/factories/standard_linear_solver_factory.h:25:
/app/kratos/linear_solvers/scaling_solver.h:371: warning: ignoring ‘#pragma omp parallel’ [-Wunknown-pragmas]
  371 |         #pragma omp parallel
      |
/app/kratos/linear_solvers/scaling_solver.h:435: warning: ignoring ‘#pragma omp parallel’ [-Wunknown-pragmas]
  435 |         #pragma omp parallel
      |
In file included from /app/kratos/utilities/reduction_utilities.h:42,
                 from /app/kratos/spaces/ublas_space.h:28:
/app/kratos/utilities/atomic_utilities.h: In function ‘void Kratos::AtomicAdd(TDataType&, const TDataType&)’:
/app/kratos/utilities/atomic_utilities.h:76:5: error: ‘AtomicRef’ was not declared in this scope; did you mean ‘AtomicAdd’?
   76 |     AtomicRef<TDataType>{target} += value;
      |     ^~~~~~~~~
      |     AtomicAdd
/app/kratos/utilities/atomic_utilities.h:76:24: error: expected primary-expression before ‘>’ token
   76 |     AtomicRef<TDataType>{target} += value;
      |                        ^
/app/kratos/utilities/atomic_utilities.h:76:25: error: expected primary-expression before ‘{’ token
   76 |     AtomicRef<TDataType>{target} += value;
      |                         ^
/app/kratos/utilities/atomic_utilities.h:76:34: error: expected primary-expression before ‘+=’ token
   76 |     AtomicRef<TDataType>{target} += value;
      |                                  ^~
/app/kratos/utilities/atomic_utilities.h: In function ‘void Kratos::AtomicSub(TDataType&, const TDataType&)’:
/app/kratos/utilities/atomic_utilities.h:139:5: error: ‘AtomicRef’ was not declared in this scope; did you mean ‘AtomicSub’?
  139 |     AtomicRef<TDataType>{target} -= value;
      |     ^~~~~~~~~
      |     AtomicSub
/app/kratos/utilities/atomic_utilities.h:139:24: error: expected primary-expression before ‘>’ token
  139 |     AtomicRef<TDataType>{target} -= value;
      |                        ^
/app/kratos/utilities/atomic_utilities.h:139:25: error: expected primary-expression before ‘{’ token
  139 |     AtomicRef<TDataType>{target} -= value;
      |                         ^
/app/kratos/utilities/atomic_utilities.h:139:34: error: expected primary-expression before ‘-=’ token
  139 |     AtomicRef<TDataType>{target} -= value;
      |                                  ^~
/app/kratos/utilities/atomic_utilities.h: In function ‘void Kratos::AtomicMult(TDataType&, const TDataType&)’:
/app/kratos/utilities/atomic_utilities.h:206:29: error: ‘AtomicRef’ was not declared in this scope; did you mean ‘AtomicSub’?
  206 |     TDataType current_val = AtomicRef<TDataType>{target}.load(std::memory_order_relaxed);
      |                             ^~~~~~~~~
      |                             AtomicSub
/app/kratos/utilities/atomic_utilities.h:206:48: error: expected primary-expression before ‘>’ token
  206 |     TDataType current_val = AtomicRef<TDataType>{target}.load(std::memory_order_relaxed);
      |                                                ^
/app/kratos/utilities/atomic_utilities.h:206:49: error: expected primary-expression before ‘{’ token
  206 |     TDataType current_val = AtomicRef<TDataType>{target}.load(std::memory_order_relaxed);
      |                                                 ^
/app/kratos/utilities/atomic_utilities.h:207:24: error: expected primary-expression before ‘>’ token
  207 |     AtomicRef<TDataType>{target}.store(current_val * value, std::memory_order_relaxed);
      |                        ^
/app/kratos/utilities/atomic_utilities.h:207:25: error: expected primary-expression before ‘{’ token
  207 |     AtomicRef<TDataType>{target}.store(current_val * value, std::memory_order_relaxed);
      |                         ^
/app/kratos/utilities/atomic_utilities.h:207:33: error: expected primary-expression before ‘.’ token
  207 |     AtomicRef<TDataType>{target}.store(current_val * value, std::memory_order_relaxed);
      |                                 ^
/app/kratos/spaces/ublas_space.h: At global scope:
/app/kratos/spaces/ublas_space.h:295:36: error: ‘compressed_matrix’ does not name a type; did you mean ‘CompressedMatrix’?
  295 |     static TDataType TwoNorm(const compressed_matrix<TDataType> & rA) // Frobenious norm
      |                                    ^~~~~~~~~~~~~~~~~
      |                                    CompressedMatrix
/app/kratos/spaces/ublas_space.h:295:53: error: expected ‘,’ or ‘...’ before ‘<’ token
  295 |     static TDataType TwoNorm(const compressed_matrix<TDataType> & rA) // Frobenious norm
      |                                                     ^
/app/kratos/spaces/ublas_space.h:327:39: error: ‘compressed_matrix’ does not name a type; did you mean ‘CompressedMatrix’?
  327 |     static TDataType JacobiNorm(const compressed_matrix<TDataType>& rA)
      |                                       ^~~~~~~~~~~~~~~~~
      |                                       CompressedMatrix
/app/kratos/spaces/ublas_space.h:327:56: error: expected ‘,’ or ‘...’ before ‘<’ token
  327 |     static TDataType JacobiNorm(const compressed_matrix<TDataType>& rA)
      |                                                        ^
/app/kratos/spaces/ublas_space.h:349:28: error: ‘compressed_matrix’ does not name a type; did you mean ‘CompressedMatrix’?
  349 |     static void Mult(const compressed_matrix<TDataType>& rA, const VectorType& rX, VectorType& rY)
      |                            ^~~~~~~~~~~~~~~~~
      |                            CompressedMatrix
/app/kratos/spaces/ublas_space.h:349:45: error: expected ‘,’ or ‘...’ before ‘<’ token
  349 |     static void Mult(const compressed_matrix<TDataType>& rA, const VectorType& rX, VectorType& rY)
      |                                             ^
/app/kratos/spaces/ublas_space.h:605:35: error: ‘compressed_matrix’ has not been declared
  605 |     inline static void ResizeData(compressed_matrix<TDataType>& rA, SizeType m)
      |                                   ^~~~~~~~~~~~~~~~~
/app/kratos/spaces/ublas_space.h:605:52: error: expected ‘,’ or ‘...’ before ‘<’ token
  605 |     inline static void ResizeData(compressed_matrix<TDataType>& rA, SizeType m)
      |                                                    ^
/app/kratos/spaces/ublas_space.h:645:34: error: ‘compressed_matrix’ has not been declared
  645 |     inline static void SetToZero(compressed_matrix<TDataType>& rA)
      |                                  ^~~~~~~~~~~~~~~~~
/app/kratos/spaces/ublas_space.h:645:51: error: expected ‘,’ or ‘...’ before ‘<’ token
  645 |     inline static void SetToZero(compressed_matrix<TDataType>& rA)
      |                                                   ^
/app/kratos/spaces/ublas_space.h: In static member function ‘static TDataType Kratos::UblasSpace<TDataType, TMatrixType, TVectorType>::TwoNorm(int)’:
/app/kratos/spaces/ublas_space.h:299:32: error: ‘rA’ was not declared in this scope
  299 |         const auto& r_values = rA.value_data();
      |                                ^~
/app/kratos/spaces/ublas_space.h: In static member function ‘static TDataType Kratos::UblasSpace<TDataType, TMatrixType, TVectorType>::JacobiNorm(int)’:
/app/kratos/spaces/ublas_space.h:331:26: error: expected nested-name-specifier before ‘compressed_matrix’
  331 |         typedef typename compressed_matrix<TDataType>::const_iterator1 t_it_1;
      |                          ^~~~~~~~~~~~~~~~~
/app/kratos/spaces/ublas_space.h:331:43: error: expected initializer before ‘<’ token
  331 |         typedef typename compressed_matrix<TDataType>::const_iterator1 t_it_1;
      |                                           ^
/app/kratos/spaces/ublas_space.h:332:26: error: expected nested-name-specifier before ‘compressed_matrix’
  332 |         typedef typename compressed_matrix<TDataType>::const_iterator2 t_it_2;
      |                          ^~~~~~~~~~~~~~~~~
/app/kratos/spaces/ublas_space.h:332:43: error: expected initializer before ‘<’ token
  332 |         typedef typename compressed_matrix<TDataType>::const_iterator2 t_it_2;
      |                                           ^
/app/kratos/spaces/ublas_space.h:334:14: error: ‘t_it_1’ was not declared in this scope
  334 |         for (t_it_1 it_1 = rA.begin1(); it_1 != rA.end1(); ++it_1) {
      |              ^~~~~~
/app/kratos/spaces/ublas_space.h:334:41: error: ‘it_1’ was not declared in this scope
  334 |         for (t_it_1 it_1 = rA.begin1(); it_1 != rA.end1(); ++it_1) {
      |                                         ^~~~
/app/kratos/spaces/ublas_space.h:334:49: error: ‘rA’ was not declared in this scope
  334 |         for (t_it_1 it_1 = rA.begin1(); it_1 != rA.end1(); ++it_1) {
      |                                                 ^~
/app/kratos/spaces/ublas_space.h:335:18: error: ‘t_it_2’ was not declared in this scope
  335 |             for (t_it_2 it_2 = it_1.begin(); it_2 != it_1.end(); ++it_2) {
      |                  ^~~~~~
/app/kratos/spaces/ublas_space.h:335:46: error: ‘it_2’ was not declared in this scope
  335 |             for (t_it_2 it_2 = it_1.begin(); it_2 != it_1.end(); ++it_2) {
      |                                              ^~~~
/app/kratos/spaces/ublas_space.h: In static member function ‘static void Kratos::UblasSpace<TDataType, TMatrixType, TVectorType>::Mult(int)’:
/app/kratos/spaces/ublas_space.h:352:19: error: ‘rA’ was not declared in this scope
  352 |         axpy_prod(rA, rX, rY, true);
      |                   ^~
/app/kratos/spaces/ublas_space.h:352:23: error: ‘rX’ was not declared in this scope
  352 |         axpy_prod(rA, rX, rY, true);
      |                       ^~
/app/kratos/spaces/ublas_space.h:352:27: error: ‘rY’ was not declared in this scope; did you mean ‘Y’?
  352 |         axpy_prod(rA, rX, rY, true);
      |                           ^~
      |                           Y
/app/kratos/spaces/ublas_space.h:352:9: error: there are no arguments to ‘axpy_prod’ that depend on a template parameter, so a declaration of ‘axpy_prod’ must be available [-fpermissive]
  352 |         axpy_prod(rA, rX, rY, true);
      |         ^~~~~~~~~
/app/kratos/spaces/ublas_space.h:352:9: note: (if you use ‘-fpermissive’, G++ will accept your code, but allowing the use of an undeclared name is deprecated)
/app/kratos/spaces/ublas_space.h: In static member function ‘static void Kratos::UblasSpace<TDataType, TMatrixType, TVectorType>::ResizeData(int)’:
/app/kratos/spaces/ublas_space.h:607:9: error: ‘rA’ was not declared in this scope
  607 |         rA.value_data().resize(m);
      |         ^~
/app/kratos/spaces/ublas_space.h:607:32: error: ‘m’ was not declared in this scope
  607 |         rA.value_data().resize(m);
      |                                ^
/app/kratos/spaces/ublas_space.h: In static member function ‘static void Kratos::UblasSpace<TDataType, TMatrixType, TVectorType>::SetToZero(int)’:
/app/kratos/spaces/ublas_space.h:648:19: error: ‘rA’ was not declared in this scope
  648 |         std::fill(rA.value_data().begin(), rA.value_data().end(), TDataType());
      |                   ^~
[ 15%] Building CXX object kratos/CMakeFiles/KratosCore.dir/sources/kratos_components.cpp.o
In file included from /app/kratos/factories/register_factories.h:24,
                 from /app/kratos/sources/kratos_components.cpp:30:
/app/kratos/solving_strategies/builder_and_solvers/explicit_builder.h:328: warning: ignoring ‘#pragma omp parallel’ [-Wunknown-pragmas]
  328 | #pragma omp parallel firstprivate(n_elems, n_conds)
      |
/app/kratos/solving_strategies/builder_and_solvers/explicit_builder.h:330: warning: ignoring ‘#pragma omp for’ [-Wunknown-pragmas]
  330 | #pragma omp for schedule(guided, 512) nowait
      |
/app/kratos/solving_strategies/builder_and_solvers/explicit_builder.h:343: warning: ignoring ‘#pragma omp for’ [-Wunknown-pragmas]
  343 | #pragma omp for schedule(guided, 512)
      |
/app/kratos/solving_strategies/builder_and_solvers/explicit_builder.h:603: warning: ignoring ‘#pragma omp parallel’ [-Wunknown-pragmas]
  603 | #pragma omp parallel firstprivate(dof_list, second_dof_list)
      |
/app/kratos/solving_strategies/builder_and_solvers/explicit_builder.h:612: warning: ignoring ‘#pragma omp for’ [-Wunknown-pragmas]
  612 | #pragma omp for schedule(guided, 512) nowait
      |
/app/kratos/solving_strategies/builder_and_solvers/explicit_builder.h:620: warning: ignoring ‘#pragma omp for’ [-Wunknown-pragmas]
  620 | #pragma omp for schedule(guided, 512) nowait
      |
/app/kratos/solving_strategies/builder_and_solvers/explicit_builder.h:628: warning: ignoring ‘#pragma omp for’ [-Wunknown-pragmas]
  628 | #pragma omp for  schedule(guided, 512) nowait
      |
/app/kratos/solving_strategies/builder_and_solvers/explicit_builder.h:637: warning: ignoring ‘#pragma omp critical’ [-Wunknown-pragmas]
  637 | #pragma omp critical
      |
/app/kratos/solving_strategies/builder_and_solvers/explicit_builder.h:721: warning: ignoring ‘#pragma omp for’ [-Wunknown-pragmas]
  721 | #pragma omp for private(elem_mass_vector) schedule(guided, 512) nowait
      |
In file included from /app/kratos/factories/register_factories.h:25:
/app/kratos/spaces/ublas_space.h:286: warning: ignoring ‘#pragma omp parallel’ [-Wunknown-pragmas]
  286 |         #pragma omp parallel for reduction(+:aux_sum)
      |
/app/kratos/spaces/ublas_space.h:301: warning: ignoring ‘#pragma omp parallel’ [-Wunknown-pragmas]
  301 |         #pragma omp parallel for reduction(+:aux_sum)
      |
/app/kratos/spaces/ublas_space.h:316: warning: ignoring ‘#pragma omp parallel’ [-Wunknown-pragmas]
  316 |         #pragma omp parallel for reduction(+:aux_sum)
      |
gmake[2]: *** [kratos/CMakeFiles/KratosCore.dir/build.make:356: kratos/CMakeFiles/KratosCore.dir/sources/kratos_application.cpp.o] Error 1
gmake[2]: *** Waiting for unfinished jobs....
In file included from /app/kratos/solving_strategies/builder_and_solvers/explicit_builder.h:30:
/app/kratos/utilities/atomic_utilities.h: In function ‘void Kratos::AtomicAdd(TDataType&, const TDataType&)’:
/app/kratos/utilities/atomic_utilities.h:76:5: error: ‘AtomicRef’ was not declared in this scope; did you mean ‘AtomicAdd’?
   76 |     AtomicRef<TDataType>{target} += value;
      |     ^~~~~~~~~
      |     AtomicAdd
/app/kratos/utilities/atomic_utilities.h:76:24: error: expected primary-expression before ‘>’ token
   76 |     AtomicRef<TDataType>{target} += value;
      |                        ^
/app/kratos/utilities/atomic_utilities.h:76:25: error: expected primary-expression before ‘{’ token
   76 |     AtomicRef<TDataType>{target} += value;
      |                         ^
/app/kratos/utilities/atomic_utilities.h:76:34: error: expected primary-expression before ‘+=’ token
   76 |     AtomicRef<TDataType>{target} += value;
      |                                  ^~
/app/kratos/utilities/atomic_utilities.h: In function ‘void Kratos::AtomicSub(TDataType&, const TDataType&)’:
/app/kratos/utilities/atomic_utilities.h:139:5: error: ‘AtomicRef’ was not declared in this scope; did you mean ‘AtomicSub’?
  139 |     AtomicRef<TDataType>{target} -= value;
      |     ^~~~~~~~~
      |     AtomicSub
/app/kratos/utilities/atomic_utilities.h:139:24: error: expected primary-expression before ‘>’ token
  139 |     AtomicRef<TDataType>{target} -= value;
      |                        ^
/app/kratos/utilities/atomic_utilities.h:139:25: error: expected primary-expression before ‘{’ token
  139 |     AtomicRef<TDataType>{target} -= value;
      |                         ^
/app/kratos/utilities/atomic_utilities.h:139:34: error: expected primary-expression before ‘-=’ token
  139 |     AtomicRef<TDataType>{target} -= value;
      |                                  ^~
/app/kratos/utilities/atomic_utilities.h: In function ‘void Kratos::AtomicMult(TDataType&, const TDataType&)’:
/app/kratos/utilities/atomic_utilities.h:206:29: error: ‘AtomicRef’ was not declared in this scope; did you mean ‘AtomicSub’?
  206 |     TDataType current_val = AtomicRef<TDataType>{target}.load(std::memory_order_relaxed);
      |                             ^~~~~~~~~
      |                             AtomicSub
/app/kratos/utilities/atomic_utilities.h:206:48: error: expected primary-expression before ‘>’ token
  206 |     TDataType current_val = AtomicRef<TDataType>{target}.load(std::memory_order_relaxed);
      |                                                ^
/app/kratos/utilities/atomic_utilities.h:206:49: error: expected primary-expression before ‘{’ token
  206 |     TDataType current_val = AtomicRef<TDataType>{target}.load(std::memory_order_relaxed);
      |                                                 ^
/app/kratos/utilities/atomic_utilities.h:207:24: error: expected primary-expression before ‘>’ token
  207 |     AtomicRef<TDataType>{target}.store(current_val * value, std::memory_order_relaxed);
      |                        ^
/app/kratos/utilities/atomic_utilities.h:207:25: error: expected primary-expression before ‘{’ token
  207 |     AtomicRef<TDataType>{target}.store(current_val * value, std::memory_order_relaxed);
      |                         ^
/app/kratos/utilities/atomic_utilities.h:207:33: error: expected primary-expression before ‘.’ token
  207 |     AtomicRef<TDataType>{target}.store(current_val * value, std::memory_order_relaxed);
      |                                 ^
/app/kratos/spaces/ublas_space.h: At global scope:
/app/kratos/spaces/ublas_space.h:295:36: error: ‘compressed_matrix’ does not name a type; did you mean ‘CompressedMatrix’?
  295 |     static TDataType TwoNorm(const compressed_matrix<TDataType> & rA) // Frobenious norm
      |                                    ^~~~~~~~~~~~~~~~~
      |                                    CompressedMatrix
/app/kratos/spaces/ublas_space.h:295:53: error: expected ‘,’ or ‘...’ before ‘<’ token
  295 |     static TDataType TwoNorm(const compressed_matrix<TDataType> & rA) // Frobenious norm
      |                                                     ^
/app/kratos/spaces/ublas_space.h:327:39: error: ‘compressed_matrix’ does not name a type; did you mean ‘CompressedMatrix’?
  327 |     static TDataType JacobiNorm(const compressed_matrix<TDataType>& rA)
      |                                       ^~~~~~~~~~~~~~~~~
      |                                       CompressedMatrix
/app/kratos/spaces/ublas_space.h:327:56: error: expected ‘,’ or ‘...’ before ‘<’ token
  327 |     static TDataType JacobiNorm(const compressed_matrix<TDataType>& rA)
      |                                                        ^
/app/kratos/spaces/ublas_space.h:349:28: error: ‘compressed_matrix’ does not name a type; did you mean ‘CompressedMatrix’?
  349 |     static void Mult(const compressed_matrix<TDataType>& rA, const VectorType& rX, VectorType& rY)
      |                            ^~~~~~~~~~~~~~~~~
      |                            CompressedMatrix
/app/kratos/spaces/ublas_space.h:349:45: error: expected ‘,’ or ‘...’ before ‘<’ token
  349 |     static void Mult(const compressed_matrix<TDataType>& rA, const VectorType& rX, VectorType& rY)
      |                                             ^
/app/kratos/spaces/ublas_space.h:605:35: error: ‘compressed_matrix’ has not been declared
  605 |     inline static void ResizeData(compressed_matrix<TDataType>& rA, SizeType m)
      |                                   ^~~~~~~~~~~~~~~~~
/app/kratos/spaces/ublas_space.h:605:52: error: expected ‘,’ or ‘...’ before ‘<’ token
  605 |     inline static void ResizeData(compressed_matrix<TDataType>& rA, SizeType m)
      |                                                    ^
/app/kratos/spaces/ublas_space.h:645:34: error: ‘compressed_matrix’ has not been declared
  645 |     inline static void SetToZero(compressed_matrix<TDataType>& rA)
      |                                  ^~~~~~~~~~~~~~~~~
/app/kratos/spaces/ublas_space.h:645:51: error: expected ‘,’ or ‘...’ before ‘<’ token
  645 |     inline static void SetToZero(compressed_matrix<TDataType>& rA)
      |                                                   ^
/app/kratos/spaces/ublas_space.h: In static member function ‘static TDataType Kratos::UblasSpace<TDataType, TMatrixType, TVectorType>::TwoNorm(int)’:
/app/kratos/spaces/ublas_space.h:299:32: error: ‘rA’ was not declared in this scope
  299 |         const auto& r_values = rA.value_data();
      |                                ^~
/app/kratos/spaces/ublas_space.h: In static member function ‘static TDataType Kratos::UblasSpace<TDataType, TMatrixType, TVectorType>::JacobiNorm(int)’:
/app/kratos/spaces/ublas_space.h:331:26: error: expected nested-name-specifier before ‘compressed_matrix’
  331 |         typedef typename compressed_matrix<TDataType>::const_iterator1 t_it_1;
      |                          ^~~~~~~~~~~~~~~~~
/app/kratos/spaces/ublas_space.h:331:43: error: expected initializer before ‘<’ token
  331 |         typedef typename compressed_matrix<TDataType>::const_iterator1 t_it_1;
      |                                           ^
/app/kratos/spaces/ublas_space.h:332:26: error: expected nested-name-specifier before ‘compressed_matrix’
  332 |         typedef typename compressed_matrix<TDataType>::const_iterator2 t_it_2;
      |                          ^~~~~~~~~~~~~~~~~
/app/kratos/spaces/ublas_space.h:332:43: error: expected initializer before ‘<’ token
  332 |         typedef typename compressed_matrix<TDataType>::const_iterator2 t_it_2;
      |                                           ^
/app/kratos/spaces/ublas_space.h:334:14: error: ‘t_it_1’ was not declared in this scope
  334 |         for (t_it_1 it_1 = rA.begin1(); it_1 != rA.end1(); ++it_1) {
      |              ^~~~~~
/app/kratos/spaces/ublas_space.h:334:41: error: ‘it_1’ was not declared in this scope
  334 |         for (t_it_1 it_1 = rA.begin1(); it_1 != rA.end1(); ++it_1) {
      |                                         ^~~~
/app/kratos/spaces/ublas_space.h:334:49: error: ‘rA’ was not declared in this scope
  334 |         for (t_it_1 it_1 = rA.begin1(); it_1 != rA.end1(); ++it_1) {
      |                                                 ^~
/app/kratos/spaces/ublas_space.h:335:18: error: ‘t_it_2’ was not declared in this scope
  335 |             for (t_it_2 it_2 = it_1.begin(); it_2 != it_1.end(); ++it_2) {
      |                  ^~~~~~
/app/kratos/spaces/ublas_space.h:335:46: error: ‘it_2’ was not declared in this scope
  335 |             for (t_it_2 it_2 = it_1.begin(); it_2 != it_1.end(); ++it_2) {
      |                                              ^~~~
/app/kratos/spaces/ublas_space.h: In static member function ‘static void Kratos::UblasSpace<TDataType, TMatrixType, TVectorType>::Mult(int)’:
/app/kratos/spaces/ublas_space.h:352:19: error: ‘rA’ was not declared in this scope
  352 |         axpy_prod(rA, rX, rY, true);
      |                   ^~
/app/kratos/spaces/ublas_space.h:352:23: error: ‘rX’ was not declared in this scope
  352 |         axpy_prod(rA, rX, rY, true);
      |                       ^~
/app/kratos/spaces/ublas_space.h:352:27: error: ‘rY’ was not declared in this scope; did you mean ‘Y’?
  352 |         axpy_prod(rA, rX, rY, true);
      |                           ^~
      |                           Y
/app/kratos/spaces/ublas_space.h:352:9: error: there are no arguments to ‘axpy_prod’ that depend on a template parameter, so a declaration of ‘axpy_prod’ must be available [-fpermissive]
  352 |         axpy_prod(rA, rX, rY, true);
      |         ^~~~~~~~~
/app/kratos/spaces/ublas_space.h:352:9: note: (if you use ‘-fpermissive’, G++ will accept your code, but allowing the use of an undeclared name is deprecated)
/app/kratos/spaces/ublas_space.h: In static member function ‘static void Kratos::UblasSpace<TDataType, TMatrixType, TVectorType>::ResizeData(int)’:
/app/kratos/spaces/ublas_space.h:607:9: error: ‘rA’ was not declared in this scope
  607 |         rA.value_data().resize(m);
      |         ^~
/app/kratos/spaces/ublas_space.h:607:32: error: ‘m’ was not declared in this scope
  607 |         rA.value_data().resize(m);
      |                                ^
/app/kratos/spaces/ublas_space.h: In static member function ‘static void Kratos::UblasSpace<TDataType, TMatrixType, TVectorType>::SetToZero(int)’:
/app/kratos/spaces/ublas_space.h:648:19: error: ‘rA’ was not declared in this scope
  648 |         std::fill(rA.value_data().begin(), rA.value_data().end(), TDataType());
      |                   ^~
gmake[2]: *** [kratos/CMakeFiles/KratosCore.dir/build.make:370: kratos/CMakeFiles/KratosCore.dir/sources/kratos_components.cpp.o] Error 1
gmake[1]: *** [CMakeFiles/Makefile2:722: kratos/CMakeFiles/KratosCore.dir/all] Error 2
gmake: *** [Makefile:166: all] Error 2
